c:\users\kumin\github\intro_to_graphics\project0\progressbar\release\progressbar.pch
c:\users\kumin\github\intro_to_graphics\project0\progressbar\release\vc140.pdb
c:\users\kumin\github\intro_to_graphics\project0\progressbar\release\stdafx.obj
c:\users\kumin\github\intro_to_graphics\project0\progressbar\release\progressbar.obj
c:\users\kumin\github\intro_to_graphics\project0\progressbar\release\assemblyinfo.obj
c:\users\kumin\github\intro_to_graphics\project0\progressbar\release\.netframework,version=v4.5.2.assemblyattributes.obj
c:\users\kumin\github\intro_to_graphics\project0\progressbar\release\.netframework,version=v4.5.2.assemblyattributes.asm
c:\users\kumin\github\intro_to_graphics\project0\release\progressbar.dll
c:\users\kumin\github\intro_to_graphics\project0\release\progressbar.pdb
c:\users\kumin\github\intro_to_graphics\project0\progressbar\release\app.res
c:\users\kumin\github\intro_to_graphics\project0\progressbar\release\progressbar.tlog\cl.command.1.tlog
c:\users\kumin\github\intro_to_graphics\project0\progressbar\release\progressbar.tlog\cl.read.1.tlog
c:\users\kumin\github\intro_to_graphics\project0\progressbar\release\progressbar.tlog\cl.write.1.tlog
c:\users\kumin\github\intro_to_graphics\project0\progressbar\release\progressbar.tlog\link.command.1.tlog
c:\users\kumin\github\intro_to_graphics\project0\progressbar\release\progressbar.tlog\link.read.1.tlog
c:\users\kumin\github\intro_to_graphics\project0\progressbar\release\progressbar.tlog\link.write.1.tlog
c:\users\kumin\github\intro_to_graphics\project0\progressbar\release\progressbar.tlog\metagen.read.1.tlog
c:\users\kumin\github\intro_to_graphics\project0\progressbar\release\progressbar.tlog\metagen.write.1.tlog
c:\users\kumin\github\intro_to_graphics\project0\progressbar\release\progressbar.tlog\rc.command.1.tlog
c:\users\kumin\github\intro_to_graphics\project0\progressbar\release\progressbar.tlog\rc.read.1.tlog
c:\users\kumin\github\intro_to_graphics\project0\progressbar\release\progressbar.tlog\rc.write.1.tlog
c:\users\kumin\github\intro_to_graphics\project0\progressbar\release\progressbar.tlog\oleaccrc.dll.bi
c:\users\kumin\github\intro_to_graphics\project0\progressbar\release\progressbar.tlog\tzres.dll.bi
